#
# A fatal error has been detected by the Java Runtime Environment:
#
#  SIGBUS (0x7) at pc=0x00007f101007de10, pid=3309, tid=0x00007f0fa65f1700
#
# JRE version: OpenJDK Runtime Environment (8.0_242-b08) (build 1.8.0_242-8u242-b08-0ubuntu3~18.04-b08)
# Java VM: OpenJDK 64-Bit Server VM (25.242-b08 mixed mode linux-amd64 compressed oops)
# Problematic frame:
# C  [libzip.so+0x4e10]
#
# Failed to write core dump. Core dumps have been disabled. To enable core dumping, try "ulimit -c unlimited" before starting Java again
#
# If you would like to submit a bug report, please visit:
#   http://bugreport.java.com/bugreport/crash.jsp
# The crash happened outside the Java Virtual Machine in native code.
# See problematic frame for where to report the bug.
#

---------------  T H R E A D  ---------------

Current thread (0x00007f0f98014800):  JavaThread "restartedMain" [_thread_in_native, id=4138, stack(0x00007f0fa64f1000,0x00007f0fa65f2000)]

siginfo: si_signo: 7 (SIGBUS), si_code: 2 (BUS_ADRERR), si_addr: 0x00007f0fecdeaaac

Registers:
RAX=0x00007f0f94002090, RBX=0x00007f100c2f10f0, RCX=0x00007f0f840008d0, RDX=0x00007f0f94002090
RSP=0x00007f0fa65eeab0, RBP=0x00007f0fa65eeb20, RSI=0x00007f0f840008e8, RDI=0x0000000000000000
R8 =0x0000000085a8cfdd, R9 =0x0000000000000019, R10=0x00007f0ffd1a9218, R11=0x0000000000000019
R12=0x000000000001ba8e, R13=0x0000000085a8cfdd, R14=0x00007f0f94002090, R15=0x00007f0fecdeaa8e
RIP=0x00007f101007de10, EFLAGS=0x0000000000010206, CSGSFS=0x002b000000000033, ERR=0x0000000000000004
  TRAPNO=0x000000000000000e

Top of Stack: (sp=0x00007f0fa65eeab0)
0x00007f0fa65eeab0:   00007f0fcc38ae80 00007f0fcc38af80
0x00007f0fa65eeac0:   00007f0fcc38afc0 00007f0fcc38b000
0x00007f0fa65eead0:   00007f0fef5b36d8 05d54c5d869ee900
0x00007f0fa65eeae0:   00007f0f98014800 00000000122faf51
0x00007f0fa65eeaf0:   0000000000000019 00007f100c2f4dc0
0x00007f0fa65eeb00:   0000000000000019 0000000085a8cfdd
0x00007f0fa65eeb10:   00007f100c2f10f0 00007f0fa86e8ab0
0x00007f0fa65eeb20:   00007f0fa65eeb70 00007f101007eabe
0x00007f0fa65eeb30:   0100000000000019 00007f0fa65eeb90
0x00007f0fa65eeb40:   00007f0fa65eeb70 0000000000000019
0x00007f0fa65eeb50:   00007f0f980149e0 00007f0fa65eefe8
0x00007f0fa65eeb60:   00007f0fa65eeb90 00007f100c2f10f0
0x00007f0fa65eeb70:   00007f0fa65eefd0 00007f101007cac5
0x00007f0fa65eeb80:   00007f0ffd21ed80 00007f0f00000001
0x00007f0fa65eeb90:   464e492d4154454d 2e676e697270732f
0x00007f0fa65eeba0:   6569726f74636166 00007f100c000073
0x00007f0fa65eebb0:   00007f0fa8084510 00007f0f98014800
0x00007f0fa65eebc0:   00007f0fef51d0e8 00007f0ffd21e490
0x00007f0fa65eebd0:   00007f0fa65ef990 00007f10123f240f
0x00007f0fa65eebe0:   00007f0ffd21ec2c 0000000100000000
0x00007f0fa65eebf0:   00000000000003d8 00000000000003d8
0x00007f0fa65eec00:   00007f0fa80848e8 00007f0fa8084510
0x00007f0fa65eec10:   00007f0fa8084510 00007f0fa80848e8
0x00007f0fa65eec20:   00007f0f9801d350 00007f0f98014800
0x00007f0fa65eec30:   00007f0ffd21ff90 00007f0fa8084500
0x00007f0fa65eec40:   00007f0fa65ef9c0 00007f0f98014800
0x00007f0fa65eec50:   00007f0fa65efd20 00007f0ffd21ec2c
0x00007f0fa65eec60:   00007f0fefc20e88 00007f0f00000000
0x00007f0fa65eec70:   00007f0fa65efe78 00007f0fa65efd20
0x00007f0fa65eec80:   00007f0fcc208a00 000000b6000024b5
0x00007f0fa65eec90:   00007f0fef51d0e8 00007f0f98014800
0x00007f0fa65eeca0:   00007f0ffd2200e0 000000010001b2b8 

Instructions: (pc=0x00007f101007de10)
0x00007f101007ddf0:   00 00 00 48 c7 40 28 00 00 00 00 4d 8b 24 24 0f
0x00007f101007de00:   84 1b 01 00 00 4c 2b 63 28 4c 8b 7b 18 4d 01 e7
0x00007f101007de10:   41 0f b7 47 1e 45 0f b7 6f 1c 45 31 e4 66 89 45
0x00007f101007de20:   ca 41 0f b7 47 20 44 89 ea 66 89 45 c8 41 8b 47 

Register to memory mapping:

RAX=0x00007f0f94002090 is an unknown value
RBX=0x00007f100c2f10f0 is an unknown value
RCX=0x00007f0f840008d0 is an unknown value
RDX=0x00007f0f94002090 is an unknown value
RSP=0x00007f0fa65eeab0 is pointing into the stack for thread: 0x00007f0f98014800
RBP=0x00007f0fa65eeb20 is pointing into the stack for thread: 0x00007f0f98014800
RSI=0x00007f0f840008e8 is an unknown value
RDI=0x0000000000000000 is an unknown value
R8 =0x0000000085a8cfdd is an unknown value
R9 =0x0000000000000019 is an unknown value
R10=0x00007f0ffd1a9218 is at entry_point+88 in (nmethod*)0x00007f0ffd1a9050
R11=0x0000000000000019 is an unknown value
R12=0x000000000001ba8e is an unknown value
R13=0x0000000085a8cfdd is an unknown value
R14=0x00007f0f94002090 is an unknown value
R15=0x00007f0fecdeaa8e is an unknown value


Stack: [0x00007f0fa64f1000,0x00007f0fa65f2000],  sp=0x00007f0fa65eeab0,  free space=1014k
Native frames: (J=compiled Java code, j=interpreted, Vv=VM code, C=native code)
C  [libzip.so+0x4e10]
C  [libzip.so+0x5abe]
C  [libzip.so+0x3ac5]  Java_java_util_zip_ZipFile_getEntry+0x85
J 465  java.util.zip.ZipFile.getEntry(J[BZ)J (0 bytes) @ 0x00007f0ffd1a928e [0x00007f0ffd1a91c0+0xce]
J 468 C1 java.util.zip.ZipFile.getEntry(Ljava/lang/String;)Ljava/util/zip/ZipEntry; (101 bytes) @ 0x00007f0ffd1a9f94 [0x00007f0ffd1a9e40+0x154]
J 573 C1 java.util.jar.JarFile.getEntry(Ljava/lang/String;)Ljava/util/zip/ZipEntry; (22 bytes) @ 0x00007f0ffd1e367c [0x00007f0ffd1e3640+0x3c]
J 593 C1 sun.misc.URLClassPath$JarLoader.getResource(Ljava/lang/String;Z)Lsun/misc/Resource; (85 bytes) @ 0x00007f0ffd1eb69c [0x00007f0ffd1eb5e0+0xbc]
J 506 C1 sun.misc.URLClassPath$JarLoader.findResource(Ljava/lang/String;Z)Ljava/net/URL; (18 bytes) @ 0x00007f0ffd1bd774 [0x00007f0ffd1bd740+0x34]
J 3401 C1 sun.misc.URLClassPath$1.next()Z (63 bytes) @ 0x00007f0ffd6866ec [0x00007f0ffd686680+0x6c]
J 3705 C1 sun.misc.URLClassPath$1.hasMoreElements()Z (5 bytes) @ 0x00007f0ffd6fd0b4 [0x00007f0ffd6fd080+0x34]
J 3703 C1 java.net.URLClassLoader$3$1.run()Ljava/lang/Object; (5 bytes) @ 0x00007f0ffd6fc80c [0x00007f0ffd6fc7c0+0x4c]
v  ~StubRoutines::call_stub
V  [libjvm.so+0x68488a]
V  [libjvm.so+0x6da110]  JVM_DoPrivileged+0x550
J 1537  java.security.AccessController.doPrivileged(Ljava/security/PrivilegedAction;Ljava/security/AccessControlContext;)Ljava/lang/Object; (0 bytes) @ 0x00007f0ffd341755 [0x00007f0ffd341680+0xd5]
J 2486 C1 java.net.URLClassLoader$3.next()Z (73 bytes) @ 0x00007f0ffd4e6c14 [0x00007f0ffd4e6ae0+0x134]
J 3772 C1 java.net.URLClassLoader$3.hasMoreElements()Z (5 bytes) @ 0x00007f0ffd71b2b4 [0x00007f0ffd71b280+0x34]
J 3156 C1 sun.misc.CompoundEnumeration.next()Z (58 bytes) @ 0x00007f0ffd5e2afc [0x00007f0ffd5e2a80+0x7c]
J 3400 C1 sun.misc.CompoundEnumeration.hasMoreElements()Z (5 bytes) @ 0x00007f0ffd687bf4 [0x00007f0ffd687bc0+0x34]
j  org.springframework.core.io.support.SpringFactoriesLoader.loadSpringFactories(Ljava/lang/ClassLoader;)Ljava/util/Map;+35
j  org.springframework.core.io.support.SpringFactoriesLoader.loadFactoryNames(Ljava/lang/Class;Ljava/lang/ClassLoader;)Ljava/util/List;+18
j  org.springframework.boot.SpringApplication.getSpringFactoriesInstances(Ljava/lang/Class;[Ljava/lang/Class;[Ljava/lang/Object;)Ljava/util/Collection;+13
j  org.springframework.boot.SpringApplication.getSpringFactoriesInstances(Ljava/lang/Class;)Ljava/util/Collection;+10
j  org.springframework.boot.SpringApplication.<init>(Lorg/springframework/core/io/ResourceLoader;[Ljava/lang/Class;)V+119
j  org.springframework.boot.SpringApplication.<init>([Ljava/lang/Class;)V+3
j  org.springframework.boot.SpringApplication.run([Ljava/lang/Class;[Ljava/lang/String;)Lorg/springframework/context/ConfigurableApplicationContext;+5
j  org.springframework.boot.SpringApplication.run(Ljava/lang/Class;[Ljava/lang/String;)Lorg/springframework/context/ConfigurableApplicationContext;+9
j  com.example.test.employmentmanagement.EmploymentManagementApplication.main([Ljava/lang/String;)V+11
v  ~StubRoutines::call_stub
V  [libjvm.so+0x68488a]
V  [libjvm.so+0x97ddc8]
V  [libjvm.so+0x97f7a5]
V  [libjvm.so+0x6d6bf8]  JVM_InvokeMethod+0x128
J 1749  sun.reflect.NativeMethodAccessorImpl.invoke0(Ljava/lang/reflect/Method;Ljava/lang/Object;[Ljava/lang/Object;)Ljava/lang/Object; (0 bytes) @ 0x00007f0ffd3aef6d [0x00007f0ffd3aee80+0xed]
J 1748 C1 sun.reflect.NativeMethodAccessorImpl.invoke(Ljava/lang/Object;[Ljava/lang/Object;)Ljava/lang/Object; (104 bytes) @ 0x00007f0ffd3af614 [0x00007f0ffd3af2a0+0x374]
J 1623 C1 sun.reflect.DelegatingMethodAccessorImpl.invoke(Ljava/lang/Object;[Ljava/lang/Object;)Ljava/lang/Object; (10 bytes) @ 0x00007f0ffd366b44 [0x00007f0ffd366b00+0x44]
J 1622 C1 java.lang.reflect.Method.invoke(Ljava/lang/Object;[Ljava/lang/Object;)Ljava/lang/Object; (62 bytes) @ 0x00007f0ffd366754 [0x00007f0ffd366660+0xf4]
j  org.springframework.boot.devtools.restart.RestartLauncher.run()V+42
v  ~StubRoutines::call_stub
V  [libjvm.so+0x68488a]
V  [libjvm.so+0x681e6b]
V  [libjvm.so+0x682457]
V  [libjvm.so+0x6c93cb]
V  [libjvm.so+0xa590e3]
V  [libjvm.so+0xa5a2a8]
V  [libjvm.so+0x8f2d82]
C  [libpthread.so.0+0x76db]  start_thread+0xdb

Java frames: (J=compiled Java code, j=interpreted, Vv=VM code)
J 465  java.util.zip.ZipFile.getEntry(J[BZ)J (0 bytes) @ 0x00007f0ffd1a9218 [0x00007f0ffd1a91c0+0x58]
J 468 C1 java.util.zip.ZipFile.getEntry(Ljava/lang/String;)Ljava/util/zip/ZipEntry; (101 bytes) @ 0x00007f0ffd1a9f94 [0x00007f0ffd1a9e40+0x154]
J 573 C1 java.util.jar.JarFile.getEntry(Ljava/lang/String;)Ljava/util/zip/ZipEntry; (22 bytes) @ 0x00007f0ffd1e367c [0x00007f0ffd1e3640+0x3c]
J 593 C1 sun.misc.URLClassPath$JarLoader.getResource(Ljava/lang/String;Z)Lsun/misc/Resource; (85 bytes) @ 0x00007f0ffd1eb69c [0x00007f0ffd1eb5e0+0xbc]
J 506 C1 sun.misc.URLClassPath$JarLoader.findResource(Ljava/lang/String;Z)Ljava/net/URL; (18 bytes) @ 0x00007f0ffd1bd774 [0x00007f0ffd1bd740+0x34]
J 3401 C1 sun.misc.URLClassPath$1.next()Z (63 bytes) @ 0x00007f0ffd6866ec [0x00007f0ffd686680+0x6c]
J 3705 C1 sun.misc.URLClassPath$1.hasMoreElements()Z (5 bytes) @ 0x00007f0ffd6fd0b4 [0x00007f0ffd6fd080+0x34]
J 3703 C1 java.net.URLClassLoader$3$1.run()Ljava/lang/Object; (5 bytes) @ 0x00007f0ffd6fc80c [0x00007f0ffd6fc7c0+0x4c]
v  ~StubRoutines::call_stub
J 1537  java.security.AccessController.doPrivileged(Ljava/security/PrivilegedAction;Ljava/security/AccessControlContext;)Ljava/lang/Object; (0 bytes) @ 0x00007f0ffd3416e3 [0x00007f0ffd341680+0x63]
J 2486 C1 java.net.URLClassLoader$3.next()Z (73 bytes) @ 0x00007f0ffd4e6c14 [0x00007f0ffd4e6ae0+0x134]
J 3772 C1 java.net.URLClassLoader$3.hasMoreElements()Z (5 bytes) @ 0x00007f0ffd71b2b4 [0x00007f0ffd71b280+0x34]
J 3156 C1 sun.misc.CompoundEnumeration.next()Z (58 bytes) @ 0x00007f0ffd5e2afc [0x00007f0ffd5e2a80+0x7c]
J 3400 C1 sun.misc.CompoundEnumeration.hasMoreElements()Z (5 bytes) @ 0x00007f0ffd687bf4 [0x00007f0ffd687bc0+0x34]
j  org.springframework.core.io.support.SpringFactoriesLoader.loadSpringFactories(Ljava/lang/ClassLoader;)Ljava/util/Map;+35
j  org.springframework.core.io.support.SpringFactoriesLoader.loadFactoryNames(Ljava/lang/Class;Ljava/lang/ClassLoader;)Ljava/util/List;+18
j  org.springframework.boot.SpringApplication.getSpringFactoriesInstances(Ljava/lang/Class;[Ljava/lang/Class;[Ljava/lang/Object;)Ljava/util/Collection;+13
j  org.springframework.boot.SpringApplication.getSpringFactoriesInstances(Ljava/lang/Class;)Ljava/util/Collection;+10
j  org.springframework.boot.SpringApplication.<init>(Lorg/springframework/core/io/ResourceLoader;[Ljava/lang/Class;)V+119
j  org.springframework.boot.SpringApplication.<init>([Ljava/lang/Class;)V+3
j  org.springframework.boot.SpringApplication.run([Ljava/lang/Class;[Ljava/lang/String;)Lorg/springframework/context/ConfigurableApplicationContext;+5
j  org.springframework.boot.SpringApplication.run(Ljava/lang/Class;[Ljava/lang/String;)Lorg/springframework/context/ConfigurableApplicationContext;+9
j  com.example.test.employmentmanagement.EmploymentManagementApplication.main([Ljava/lang/String;)V+11
v  ~StubRoutines::call_stub
J 1749  sun.reflect.NativeMethodAccessorImpl.invoke0(Ljava/lang/reflect/Method;Ljava/lang/Object;[Ljava/lang/Object;)Ljava/lang/Object; (0 bytes) @ 0x00007f0ffd3aeef7 [0x00007f0ffd3aee80+0x77]
J 1748 C1 sun.reflect.NativeMethodAccessorImpl.invoke(Ljava/lang/Object;[Ljava/lang/Object;)Ljava/lang/Object; (104 bytes) @ 0x00007f0ffd3af614 [0x00007f0ffd3af2a0+0x374]
J 1623 C1 sun.reflect.DelegatingMethodAccessorImpl.invoke(Ljava/lang/Object;[Ljava/lang/Object;)Ljava/lang/Object; (10 bytes) @ 0x00007f0ffd366b44 [0x00007f0ffd366b00+0x44]
J 1622 C1 java.lang.reflect.Method.invoke(Ljava/lang/Object;[Ljava/lang/Object;)Ljava/lang/Object; (62 bytes) @ 0x00007f0ffd366754 [0x00007f0ffd366660+0xf4]
j  org.springframework.boot.devtools.restart.RestartLauncher.run()V+42
v  ~StubRoutines::call_stub

---------------  P R O C E S S  ---------------

Java Threads: ( => current thread )
=>0x00007f0f98014800 JavaThread "restartedMain" [_thread_in_native, id=4138, stack(0x00007f0fa64f1000,0x00007f0fa65f2000)]
  0x00007f0f7c004800 JavaThread "Thread-20" [_thread_blocked, id=4136, stack(0x00007f0fa60ed000,0x00007f0fa61ee000)]
  0x00007f0fa8759800 JavaThread "RMI Scheduler(0)" daemon [_thread_blocked, id=3360, stack(0x00007f0fa61ee000,0x00007f0fa62ef000)]
  0x00007f0fd0001000 JavaThread "Attach Listener" daemon [_thread_blocked, id=3356, stack(0x00007f0fec69b000,0x00007f0fec79c000)]
  0x00007f100c00d800 JavaThread "DestroyJavaVM" [_thread_blocked, id=3311, stack(0x00007f1013721000,0x00007f1013821000)]
  0x00007f0fa870d000 JavaThread "Live Reload Server" daemon [_thread_in_native, id=3341, stack(0x00007f0fa71fc000,0x00007f0fa72fd000)]
  0x00007f100c3f7000 JavaThread "RMI TCP Accept-0" daemon [_thread_in_native, id=3330, stack(0x00007f0feca9d000,0x00007f0fecb9e000)]
  0x00007f100c3d9000 JavaThread "RMI TCP Accept-40903" daemon [_thread_in_native, id=3329, stack(0x00007f0fecb9e000,0x00007f0fecc9f000)]
  0x00007f100c3c4000 JavaThread "RMI TCP Accept-0" daemon [_thread_in_native, id=3328, stack(0x00007f0fecc9f000,0x00007f0fecda0000)]
  0x00007f100c0c3000 JavaThread "Service Thread" daemon [_thread_blocked, id=3327, stack(0x00007f0fed54c000,0x00007f0fed64d000)]
  0x00007f100c0c0000 JavaThread "C1 CompilerThread2" daemon [_thread_blocked, id=3326, stack(0x00007f0fed64e000,0x00007f0fed74e000)]
  0x00007f100c0be800 JavaThread "C2 CompilerThread1" daemon [_thread_blocked, id=3325, stack(0x00007f0fed74f000,0x00007f0fed84f000)]
  0x00007f100c0bb800 JavaThread "C2 CompilerThread0" daemon [_thread_blocked, id=3324, stack(0x00007f0fed850000,0x00007f0fed950000)]
  0x00007f100c0b7800 JavaThread "Signal Dispatcher" daemon [_thread_blocked, id=3323, stack(0x00007f0fed950000,0x00007f0feda51000)]
  0x00007f100c089800 JavaThread "Finalizer" daemon [_thread_blocked, id=3322, stack(0x00007f0fee420000,0x00007f0fee521000)]
  0x00007f100c085000 JavaThread "Reference Handler" daemon [_thread_blocked, id=3321, stack(0x00007f0fee521000,0x00007f0fee622000)]

Other Threads:
  0x00007f100c07b800 VMThread [stack: 0x00007f0fee623000,0x00007f0fee723000] [id=3320]
  0x00007f100c3f9800 WatcherThread [stack: 0x00007f0fec99d000,0x00007f0feca9d000] [id=3331]

VM state:not at safepoint (normal execution)

VM Mutex/Monitor currently owned by a thread: None

heap address: 0x0000000086000000, size: 1952 MB, Compressed Oops mode: 32-bit
Narrow klass base: 0x0000000000000000, Narrow klass shift: 3
Compressed class space size: 1073741824 Address: 0x0000000100000000

Heap:
 PSYoungGen      total 102400K, used 2003K [0x00000000d7580000, 0x00000000ded80000, 0x0000000100000000)
  eden space 99840K, 2% used [0x00000000d7580000,0x00000000d7774c70,0x00000000dd700000)
  from space 2560K, 0% used [0x00000000deb00000,0x00000000deb00000,0x00000000ded80000)
  to   space 10752K, 0% used [0x00000000dd880000,0x00000000dd880000,0x00000000de300000)
 ParOldGen       total 52736K, used 10402K [0x0000000086000000, 0x0000000089380000, 0x00000000d7580000)
  object space 52736K, 19% used [0x0000000086000000,0x0000000086a28950,0x0000000089380000)
 Metaspace       used 29702K, capacity 31982K, committed 32256K, reserved 1077248K
  class space    used 3901K, capacity 4314K, committed 4352K, reserved 1048576K

Card table byte_map: [0x00007f0ffc86f000,0x00007f0ffcc40000] byte_map_base: 0x00007f0ffc43f000

Marking Bits: (ParMarkBitMap*) 0x00007f10129bc3e0
 Begin Bits: [0x00007f0ff4300000, 0x00007f0ff6180000)
 End Bits:   [0x00007f0ff6180000, 0x00007f0ff8000000)

Polling page: 0x00007f101383d000

CodeCache: size=245760Kb used=7876Kb max_used=7876Kb free=237883Kb
 bounds [0x00007f0ffd000000, 0x00007f0ffd7c0000, 0x00007f100c000000]
 total_blobs=4406 nmethods=3981 adapters=338
 compilation: enabled

Compilation events (10 events):
Event: 550.016 Thread 0x00007f100c0c0000 4049   !   1       org.apache.catalina.core.ContainerBase::getRealmInternal (38 bytes)
Event: 550.017 Thread 0x00007f100c0c0000 nmethod 4049 0x00007f0ffd7b22d0 code [0x00007f0ffd7b2480, 0x00007f0ffd7b2778]
Event: 560.015 Thread 0x00007f100c0c0000 4050       1       java.util.concurrent.ConcurrentHashMap$ValueIterator::next (34 bytes)
Event: 560.015 Thread 0x00007f100c0c0000 nmethod 4050 0x00007f0ffd7b2a90 code [0x00007f0ffd7b2c00, 0x00007f0ffd7b2e18]
Event: 560.613 Thread 0x00007f100c0c0000 4051       1       org.apache.catalina.ContainerEvent::getType (5 bytes)
Event: 560.613 Thread 0x00007f100c0c0000 nmethod 4051 0x00007f0ffd7b2f50 code [0x00007f0ffd7b30a0, 0x00007f0ffd7b31b0]
Event: 560.615 Thread 0x00007f100c0c0000 4052   !   1       org.apache.catalina.core.ContainerBase::getClusterInternal (38 bytes)
Event: 560.615 Thread 0x00007f100c0c0000 nmethod 4052 0x00007f0ffd7b3210 code [0x00007f0ffd7b33c0, 0x00007f0ffd7b36b8]
Event: 560.754 Thread 0x00007f100c0c0000 4053       1       sun.misc.Unsafe::getAndAddLong (27 bytes)
Event: 560.755 Thread 0x00007f100c0c0000 nmethod 4053 0x00007f0ffd7b39d0 code [0x00007f0ffd7b3b20, 0x00007f0ffd7b3c70]

GC Heap History (10 events):
Event: 379.034 GC heap before
{Heap before GC invocations=11 (full 3):
 PSYoungGen      total 102400K, used 2276K [0x00000000d7580000, 0x00000000df700000, 0x0000000100000000)
  eden space 99840K, 0% used [0x00000000d7580000,0x00000000d7580000,0x00000000dd700000)
  from space 2560K, 88% used [0x00000000df480000,0x00000000df6b91c8,0x00000000df700000)
  to   space 10240K, 0% used [0x00000000de300000,0x00000000de300000,0x00000000ded00000)
 ParOldGen       total 52736K, used 11411K [0x0000000086000000, 0x0000000089380000, 0x00000000d7580000)
  object space 52736K, 21% used [0x0000000086000000,0x0000000086b24f30,0x0000000089380000)
 Metaspace       used 29582K, capacity 31796K, committed 32000K, reserved 1077248K
  class space    used 3881K, capacity 4283K, committed 4352K, reserved 1048576K
Event: 379.112 GC heap after
Heap after GC invocations=11 (full 3):
 PSYoungGen      total 102400K, used 0K [0x00000000d7580000, 0x00000000df700000, 0x0000000100000000)
  eden space 99840K, 0% used [0x00000000d7580000,0x00000000d7580000,0x00000000dd700000)
  from space 2560K, 0% used [0x00000000df480000,0x00000000df480000,0x00000000df700000)
  to   space 10240K, 0% used [0x00000000de300000,0x00000000de300000,0x00000000ded00000)
 ParOldGen       total 52736K, used 10232K [0x0000000086000000, 0x0000000089380000, 0x00000000d7580000)
  object space 52736K, 19% used [0x0000000086000000,0x00000000869fe080,0x0000000089380000)
 Metaspace       used 29579K, capacity 31790K, committed 32000K, reserved 1077248K
  class space    used 3881K, capacity 4281K, committed 4352K, reserved 1048576K
}
Event: 439.792 GC heap before
{Heap before GC invocations=12 (full 3):
 PSYoungGen      total 102400K, used 55769K [0x00000000d7580000, 0x00000000df700000, 0x0000000100000000)
  eden space 99840K, 55% used [0x00000000d7580000,0x00000000dabf66c8,0x00000000dd700000)
  from space 2560K, 0% used [0x00000000df480000,0x00000000df480000,0x00000000df700000)
  to   space 10240K, 0% used [0x00000000de300000,0x00000000de300000,0x00000000ded00000)
 ParOldGen       total 52736K, used 10232K [0x0000000086000000, 0x0000000089380000, 0x00000000d7580000)
  object space 52736K, 19% used [0x0000000086000000,0x00000000869fe080,0x0000000089380000)
 Metaspace       used 29626K, capacity 31866K, committed 32000K, reserved 1077248K
  class space    used 3890K, capacity 4295K, committed 4352K, reserved 1048576K
Event: 439.796 GC heap after
Heap after GC invocations=12 (full 3):
 PSYoungGen      total 102400K, used 2308K [0x00000000d7580000, 0x00000000df500000, 0x0000000100000000)
  eden space 99840K, 0% used [0x00000000d7580000,0x00000000d7580000,0x00000000dd700000)
  from space 2560K, 90% used [0x00000000de300000,0x00000000de5411c8,0x00000000de580000)
  to   space 10240K, 0% used [0x00000000deb00000,0x00000000deb00000,0x00000000df500000)
 ParOldGen       total 52736K, used 10240K [0x0000000086000000, 0x0000000089380000, 0x00000000d7580000)
  object space 52736K, 19% used [0x0000000086000000,0x0000000086a00080,0x0000000089380000)
 Metaspace       used 29626K, capacity 31866K, committed 32000K, reserved 1077248K
  class space    used 3890K, capacity 4295K, committed 4352K, reserved 1048576K
}
Event: 439.796 GC heap before
{Heap before GC invocations=13 (full 4):
 PSYoungGen      total 102400K, used 2308K [0x00000000d7580000, 0x00000000df500000, 0x0000000100000000)
  eden space 99840K, 0% used [0x00000000d7580000,0x00000000d7580000,0x00000000dd700000)
  from space 2560K, 90% used [0x00000000de300000,0x00000000de5411c8,0x00000000de580000)
  to   space 10240K, 0% used [0x00000000deb00000,0x00000000deb00000,0x00000000df500000)
 ParOldGen       total 52736K, used 10240K [0x0000000086000000, 0x0000000089380000, 0x00000000d7580000)
  object space 52736K, 19% used [0x0000000086000000,0x0000000086a00080,0x0000000089380000)
 Metaspace       used 29626K, capacity 31866K, committed 32000K, reserved 1077248K
  class space    used 3890K, capacity 4295K, committed 4352K, reserved 1048576K
Event: 439.863 GC heap after
Heap after GC invocations=13 (full 4):
 PSYoungGen      total 102400K, used 0K [0x00000000d7580000, 0x00000000df500000, 0x0000000100000000)
  eden space 99840K, 0% used [0x00000000d7580000,0x00000000d7580000,0x00000000dd700000)
  from space 2560K, 0% used [0x00000000de300000,0x00000000de300000,0x00000000de580000)
  to   space 10240K, 0% used [0x00000000deb00000,0x00000000deb00000,0x00000000df500000)
 ParOldGen       total 52736K, used 10319K [0x0000000086000000, 0x0000000089380000, 0x00000000d7580000)
  object space 52736K, 19% used [0x0000000086000000,0x0000000086a13c40,0x0000000089380000)
 Metaspace       used 29624K, capacity 31860K, committed 32000K, reserved 1077248K
  class space    used 3889K, capacity 4293K, committed 4352K, reserved 1048576K
}
Event: 560.655 GC heap before
{Heap before GC invocations=14 (full 4):
 PSYoungGen      total 102400K, used 59363K [0x00000000d7580000, 0x00000000df500000, 0x0000000100000000)
  eden space 99840K, 59% used [0x00000000d7580000,0x00000000daf78e10,0x00000000dd700000)
  from space 2560K, 0% used [0x00000000de300000,0x00000000de300000,0x00000000de580000)
  to   space 10240K, 0% used [0x00000000deb00000,0x00000000deb00000,0x00000000df500000)
 ParOldGen       total 52736K, used 10319K [0x0000000086000000, 0x0000000089380000, 0x00000000d7580000)
  object space 52736K, 19% used [0x0000000086000000,0x0000000086a13c40,0x0000000089380000)
 Metaspace       used 29702K, capacity 31982K, committed 32256K, reserved 1077248K
  class space    used 3901K, capacity 4314K, committed 4352K, reserved 1048576K
Event: 560.662 GC heap after
Heap after GC invocations=14 (full 4):
 PSYoungGen      total 102400K, used 2290K [0x00000000d7580000, 0x00000000ded80000, 0x0000000100000000)
  eden space 99840K, 0% used [0x00000000d7580000,0x00000000d7580000,0x00000000dd700000)
  from space 2560K, 89% used [0x00000000deb00000,0x00000000ded3ca10,0x00000000ded80000)
  to   space 10752K, 0% used [0x00000000dd880000,0x00000000dd880000,0x00000000de300000)
 ParOldGen       total 52736K, used 10327K [0x0000000086000000, 0x0000000089380000, 0x00000000d7580000)
  object space 52736K, 19% used [0x0000000086000000,0x0000000086a15c40,0x0000000089380000)
 Metaspace       used 29702K, capacity 31982K, committed 32256K, reserved 1077248K
  class space    used 3901K, capacity 4314K, committed 4352K, reserved 1048576K
}
Event: 560.662 GC heap before
{Heap before GC invocations=15 (full 5):
 PSYoungGen      total 102400K, used 2290K [0x00000000d7580000, 0x00000000ded80000, 0x0000000100000000)
  eden space 99840K, 0% used [0x00000000d7580000,0x00000000d7580000,0x00000000dd700000)
  from space 2560K, 89% used [0x00000000deb00000,0x00000000ded3ca10,0x00000000ded80000)
  to   space 10752K, 0% used [0x00000000dd880000,0x00000000dd880000,0x00000000de300000)
 ParOldGen       total 52736K, used 10327K [0x0000000086000000, 0x0000000089380000, 0x00000000d7580000)
  object space 52736K, 19% used [0x0000000086000000,0x0000000086a15c40,0x0000000089380000)
 Metaspace       used 29702K, capacity 31982K, committed 32256K, reserved 1077248K
  class space    used 3901K, capacity 4314K, committed 4352K, reserved 1048576K
Event: 560.754 GC heap after
Heap after GC invocations=15 (full 5):
 PSYoungGen      total 102400K, used 0K [0x00000000d7580000, 0x00000000ded80000, 0x0000000100000000)
  eden space 99840K, 0% used [0x00000000d7580000,0x00000000d7580000,0x00000000dd700000)
  from space 2560K, 0% used [0x00000000deb00000,0x00000000deb00000,0x00000000ded80000)
  to   space 10752K, 0% used [0x00000000dd880000,0x00000000dd880000,0x00000000de300000)
 ParOldGen       total 52736K, used 10402K [0x0000000086000000, 0x0000000089380000, 0x00000000d7580000)
  object space 52736K, 19% used [0x0000000086000000,0x0000000086a28950,0x0000000089380000)
 Metaspace       used 29700K, capacity 31976K, committed 32256K, reserved 1077248K
  class space    used 3900K, capacity 4312K, committed 4352K, reserved 1048576K
}

Deoptimization events (0 events):
No events

Classes redefined (0 events):
No events

Internal exceptions (10 events):
Event: 440.018 Thread 0x00007f0f98014800 Exception <a 'java/lang/ArrayIndexOutOfBoundsException'> (0x00000000d99bd690) thrown at [/build/openjdk-8-58sEEn/openjdk-8-8u242-b08/src/hotspot/src/share/vm/runtime/sharedRuntime.cpp, line 605]
Event: 440.019 Thread 0x00007f0f98014800 Exception <a 'java/lang/ArrayIndexOutOfBoundsException'> (0x00000000d99c6988) thrown at [/build/openjdk-8-58sEEn/openjdk-8-8u242-b08/src/hotspot/src/share/vm/runtime/sharedRuntime.cpp, line 605]
Event: 440.024 Thread 0x00007f0f98014800 Exception <a 'java/lang/ArrayIndexOutOfBoundsException'> (0x00000000d9abda18) thrown at [/build/openjdk-8-58sEEn/openjdk-8-8u242-b08/src/hotspot/src/share/vm/runtime/sharedRuntime.cpp, line 605]
Event: 440.025 Thread 0x00007f0f98014800 Exception <a 'java/lang/ArrayIndexOutOfBoundsException'> (0x00000000d9ae93c0) thrown at [/build/openjdk-8-58sEEn/openjdk-8-8u242-b08/src/hotspot/src/share/vm/runtime/sharedRuntime.cpp, line 605]
Event: 440.025 Thread 0x00007f0f98014800 Exception <a 'java/lang/ArrayIndexOutOfBoundsException'> (0x00000000d9aee9e8) thrown at [/build/openjdk-8-58sEEn/openjdk-8-8u242-b08/src/hotspot/src/share/vm/runtime/sharedRuntime.cpp, line 605]
Event: 440.025 Thread 0x00007f0f98014800 Exception <a 'java/lang/ArrayIndexOutOfBoundsException'> (0x00000000d9af4208) thrown at [/build/openjdk-8-58sEEn/openjdk-8-8u242-b08/src/hotspot/src/share/vm/runtime/sharedRuntime.cpp, line 605]
Event: 440.026 Thread 0x00007f0f98014800 Exception <a 'java/lang/ArrayIndexOutOfBoundsException'> (0x00000000d9af9a10) thrown at [/build/openjdk-8-58sEEn/openjdk-8-8u242-b08/src/hotspot/src/share/vm/runtime/sharedRuntime.cpp, line 605]
Event: 440.026 Thread 0x00007f0f98014800 Exception <a 'java/lang/ArrayIndexOutOfBoundsException'> (0x00000000d9b22758) thrown at [/build/openjdk-8-58sEEn/openjdk-8-8u242-b08/src/hotspot/src/share/vm/runtime/sharedRuntime.cpp, line 605]
Event: 440.026 Thread 0x00007f0f98014800 Exception <a 'java/lang/ArrayIndexOutOfBoundsException'> (0x00000000d9b280d0) thrown at [/build/openjdk-8-58sEEn/openjdk-8-8u242-b08/src/hotspot/src/share/vm/runtime/sharedRuntime.cpp, line 605]
Event: 560.653 Thread 0x00007f0f94014000 Exception <a 'java/lang/InterruptedException': sleep interrupted> (0x00000000daefc180) thrown at [/build/openjdk-8-58sEEn/openjdk-8-8u242-b08/src/hotspot/src/share/vm/prims/jvm.cpp, line 3336]

Events (10 events):
Event: 560.756 Executing VM operation: RevokeBias
Event: 560.756 Executing VM operation: RevokeBias done
Event: 560.756 Thread 0x00007f0f98014800 Thread exited: 0x00007f0f98014800
Event: 560.756 Thread 0x00007f0f98014800 Thread added: 0x00007f0f98014800
Event: 560.756 Executing VM operation: RevokeBias
Event: 560.756 Executing VM operation: RevokeBias done
Event: 560.757 loading class org/springframework/web/reactive/DispatcherHandler
Event: 560.757 loading class org/springframework/web/reactive/DispatcherHandler done
Event: 560.757 loading class org/springframework/web/reactive$DispatcherHandler
Event: 560.757 loading class org/springframework/web/reactive$DispatcherHandler done


Dynamic libraries:
86000000-89380000 rw-p 00000000 00:00 0 
89380000-d7580000 ---p 00000000 00:00 0 
d7580000-ded80000 rw-p 00000000 00:00 0 
ded80000-100000000 ---p 00000000 00:00 0 
100000000-100440000 rw-p 00000000 00:00 0 
100440000-140000000 ---p 00000000 00:00 0 
556b48db3000-556b48db4000 r-xp 00000000 103:02 10756658                  /usr/lib/jvm/java-8-openjdk-amd64/jre/bin/java
556b48fb3000-556b48fb4000 r--p 00000000 103:02 10756658                  /usr/lib/jvm/java-8-openjdk-amd64/jre/bin/java
556b48fb4000-556b48fb5000 rw-p 00001000 103:02 10756658                  /usr/lib/jvm/java-8-openjdk-amd64/jre/bin/java
556b491a1000-556b491c2000 rw-p 00000000 00:00 0                          [heap]
7f0f78000000-7f0f78021000 rw-p 00000000 00:00 0 
7f0f78021000-7f0f7c000000 ---p 00000000 00:00 0 
7f0f7c000000-7f0f7c021000 rw-p 00000000 00:00 0 
7f0f7c021000-7f0f80000000 ---p 00000000 00:00 0 
7f0f80000000-7f0f80021000 rw-p 00000000 00:00 0 
7f0f80021000-7f0f84000000 ---p 00000000 00:00 0 
7f0f84000000-7f0f84021000 rw-p 00000000 00:00 0 
7f0f84021000-7f0f88000000 ---p 00000000 00:00 0 
7f0f88000000-7f0f88062000 rw-p 00000000 00:00 0 
7f0f88062000-7f0f8c000000 ---p 00000000 00:00 0 
7f0f8c000000-7f0f8c044000 rw-p 00000000 00:00 0 
7f0f8c044000-7f0f90000000 ---p 00000000 00:00 0 
7f0f90000000-7f0f90021000 rw-p 00000000 00:00 0 
7f0f90021000-7f0f94000000 ---p 00000000 00:00 0 
7f0f94000000-7f0f94042000 rw-p 00000000 00:00 0 
7f0f94042000-7f0f98000000 ---p 00000000 00:00 0 
7f0f98000000-7f0f9804c000 rw-p 00000000 00:00 0 
7f0f9804c000-7f0f9c000000 ---p 00000000 00:00 0 
7f0f9c000000-7f0f9c021000 rw-p 00000000 00:00 0 
7f0f9c021000-7f0fa0000000 ---p 00000000 00:00 0 
7f0fa0000000-7f0fa0021000 rw-p 00000000 00:00 0 
7f0fa0021000-7f0fa4000000 ---p 00000000 00:00 0 
7f0fa5eed000-7f0fa602d000 rw-p 00000000 00:00 0 
7f0fa602d000-7f0fa60ed000 ---p 00000000 00:00 0 
7f0fa60ed000-7f0fa60f0000 ---p 00000000 00:00 0 
7f0fa60f0000-7f0fa61ee000 rw-p 00000000 00:00 0 
7f0fa61ee000-7f0fa61f1000 ---p 00000000 00:00 0 
7f0fa61f1000-7f0fa62ef000 rw-p 00000000 00:00 0 
7f0fa62ef000-7f0fa62f2000 ---p 00000000 00:00 0 
7f0fa62f2000-7f0fa63f0000 rw-p 00000000 00:00 0 
7f0fa63f0000-7f0fa63f3000 ---p 00000000 00:00 0 
7f0fa63f3000-7f0fa64f1000 rw-p 00000000 00:00 0 
7f0fa64f1000-7f0fa64f4000 ---p 00000000 00:00 0 
7f0fa64f4000-7f0fa65f2000 rw-p 00000000 00:00 0 
7f0fa65f2000-7f0fa65f5000 ---p 00000000 00:00 0 
7f0fa65f5000-7f0fa66f3000 rw-p 00000000 00:00 0 
7f0fa66f3000-7f0fa66f6000 ---p 00000000 00:00 0 
7f0fa66f6000-7f0fa67f4000 rw-p 00000000 00:00 0 
7f0fa67f4000-7f0fa67f7000 ---p 00000000 00:00 0 
7f0fa67f7000-7f0fa68f5000 rw-p 00000000 00:00 0 
7f0fa68f5000-7f0fa68f8000 ---p 00000000 00:00 0 
7f0fa68f8000-7f0fa69f6000 rw-p 00000000 00:00 0 
7f0fa69f6000-7f0fa69f9000 ---p 00000000 00:00 0 
7f0fa69f9000-7f0fa6af7000 rw-p 00000000 00:00 0 
7f0fa6af7000-7f0fa6afa000 ---p 00000000 00:00 0 
7f0fa6afa000-7f0fa6bf8000 rw-p 00000000 00:00 0 
7f0fa6bf8000-7f0fa6bfb000 ---p 00000000 00:00 0 
7f0fa6bfb000-7f0fa6cf9000 rw-p 00000000 00:00 0 
7f0fa6cf9000-7f0fa6cfc000 ---p 00000000 00:00 0 
7f0fa6cfc000-7f0fa6dfa000 rw-p 00000000 00:00 0 
7f0fa6dfa000-7f0fa6dfd000 ---p 00000000 00:00 0 
7f0fa6dfd000-7f0fa6efb000 rw-p 00000000 00:00 0 
7f0fa6efb000-7f0fa6efe000 ---p 00000000 00:00 0 
7f0fa6efe000-7f0fa71fc000 rw-p 00000000 00:00 0 
7f0fa71fc000-7f0fa71ff000 ---p 00000000 00:00 0 
7f0fa71ff000-7f0fa72fd000 rw-p 00000000 00:00 0 
7f0fa72fd000-7f0fa7300000 ---p 00000000 00:00 0 
7f0fa7300000-7f0fa75fe000 rw-p 00000000 00:00 0 
7f0fa75fe000-7f0fa7601000 ---p 00000000 00:00 0 
7f0fa7601000-7f0fa76ff000 rw-p 00000000 00:00 0 
7f0fa76ff000-7f0fa7702000 ---p 00000000 00:00 0 
7f0fa7702000-7f0fa7a00000 rw-p 00000000 00:00 0 
7f0fa7a00000-7f0fa7c00000 rw-p 00000000 00:00 0 
7f0fa7c00000-7f0fa7e00000 rw-p 00000000 00:00 0 
7f0fa7e00000-7f0fa8000000 rw-p 00000000 00:00 0 
7f0fa8000000-7f0fa876d000 rw-p 00000000 00:00 0 
7f0fa876d000-7f0fac000000 ---p 00000000 00:00 0 
7f0fac000000-7f0fac242000 rw-p 00000000 00:00 0 
7f0fac242000-7f0fb0000000 ---p 00000000 00:00 0 
7f0fb0000000-7f0fb0021000 rw-p 00000000 00:00 0 
7f0fb0021000-7f0fb4000000 ---p 00000000 00:00 0 
7f0fb4000000-7f0fb4021000 rw-p 00000000 00:00 0 
7f0fb4021000-7f0fb8000000 ---p 00000000 00:00 0 
7f0fb8000000-7f0fb8021000 rw-p 00000000 00:00 0 
7f0fb8021000-7f0fbc000000 ---p 00000000 00:00 0 
7f0fbc000000-7f0fbc021000 rw-p 00000000 00:00 0 
7f0fbc021000-7f0fc0000000 ---p 00000000 00:00 0 
7f0fc0000000-7f0fc0021000 rw-p 00000000 00:00 0 
7f0fc0021000-7f0fc4000000 ---p 00000000 00:00 0 
7f0fc4000000-7f0fc4021000 rw-p 00000000 00:00 0 
7f0fc4021000-7f0fc8000000 ---p 00000000 00:00 0 
7f0fc8000000-7f0fc8021000 rw-p 00000000 00:00 0 
7f0fc8021000-7f0fcc000000 ---p 00000000 00:00 0 
7f0fcc000000-7f0fcc644000 rw-p 00000000 00:00 0 
7f0fcc644000-7f0fd0000000 ---p 00000000 00:00 0 
7f0fd0000000-7f0fd0021000 rw-p 00000000 00:00 0 
7f0fd0021000-7f0fd4000000 ---p 00000000 00:00 0 
7f0fd4000000-7f0fd404e000 rw-p 00000000 00:00 0 
7f0fd404e000-7f0fd8000000 ---p 00000000 00:00 0 
7f0fd8000000-7f0fd8021000 rw-p 00000000 00:00 0 
7f0fd8021000-7f0fdc000000 ---p 00000000 00:00 0 
7f0fdc000000-7f0fdc021000 rw-p 00000000 00:00 0 
7f0fdc021000-7f0fe0000000 ---p 00000000 00:00 0 
7f0fe0000000-7f0fe0021000 rw-p 00000000 00:00 0 
7f0fe0021000-7f0fe4000000 ---p 00000000 00:00 0 
7f0fe4000000-7f0fe4021000 rw-p 00000000 00:00 0 
7f0fe4021000-7f0fe8000000 ---p 00000000 00:00 0 
7f0fe8000000-7f0fe8021000 rw-p 00000000 00:00 0 
7f0fe8021000-7f0fec000000 ---p 00000000 00:00 0 
7f0fec099000-7f0fec299000 rw-p 00000000 00:00 0 
7f0fec299000-7f0fec29c000 ---p 00000000 00:00 0 
7f0fec29c000-7f0fec59a000 rw-p 00000000 00:00 0 
7f0fec59a000-7f0fec59d000 ---p 00000000 00:00 0 
7f0fec59d000-7f0fec69b000 rw-p 00000000 00:00 0 
7f0fec69b000-7f0fec69e000 ---p 00000000 00:00 0 
7f0fec69e000-7f0fec99c000 rw-p 00000000 00:00 0 
7f0fec99c000-7f0fec99d000 ---p 00000000 00:00 0 
7f0fec99d000-7f0feca9d000 rw-p 00000000 00:00 0 
7f0feca9d000-7f0fecaa0000 ---p 00000000 00:00 0 
7f0fecaa0000-7f0fecb9e000 rw-p 00000000 00:00 0 
7f0fecb9e000-7f0fecba1000 ---p 00000000 00:00 0 
7f0fecba1000-7f0fecc9f000 rw-p 00000000 00:00 0 
7f0fecc9f000-7f0fecca2000 ---p 00000000 00:00 0 
7f0fecca2000-7f0fecda0000 rw-p 00000000 00:00 0 
7f0fecda0000-7f0fecda5000 r--s 000a3000 103:02 10757462                  /usr/lib/jvm/java-8-openjdk-amd64/jre/lib/jsse.jar
7f0fecda5000-7f0fecdcf000 r--s 00148000 103:02 5381060                   /home/sanjeev/.m2/repository/org/springframework/boot/spring-boot-autoconfigure/2.4.0-SNAPSHOT/spring-boot-autoconfigure-2.4.0-SNAPSHOT.jar
7f0fecdcf000-7f0fecdeb000 r--s 0011e000 103:02 5381059                   /home/sanjeev/.m2/repository/org/springframework/boot/spring-boot/2.4.0-SNAPSHOT/spring-boot-2.4.0-SNAPSHOT.jar
7f0fecdeb000-7f0fecdf1000 r--s 00031000 103:02 8130067                   /home/sanjeev/.m2/repository/org/springframework/boot/spring-boot-devtools/2.3.4.RELEASE/spring-boot-devtools-2.3.4.RELEASE.jar
7f0fecdf1000-7f0fece0c000 r--s 0014a000 103:02 5381066                   /home/sanjeev/.m2/repository/org/springframework/spring-core/5.3.0-SNAPSHOT/spring-core-5.3.0-SNAPSHOT.jar
7f0fece0c000-7f0fece0e000 r--s 00009000 103:02 5243677                   /home/sanjeev/.m2/repository/org/slf4j/slf4j-api/1.7.30/slf4j-api-1.7.30.jar
7f0fece0e000-7f0fece13000 r--s 00040000 103:02 5381064                   /home/sanjeev/.m2/repository/org/springframework/spring-expression/5.3.0-SNAPSHOT/spring-expression-5.3.0-SNAPSHOT.jar
7f0fece13000-7f0fece2f000 r--s 00114000 103:02 5381062                   /home/sanjeev/.m2/repository/org/springframework/spring-context/5.3.0-SNAPSHOT/spring-context-5.3.0-SNAPSHOT.jar
7f0fece2f000-7f0fece38000 r--s 00053000 103:02 5381065                   /home/sanjeev/.m2/repository/org/springframework/spring-aop/5.3.0-SNAPSHOT/spring-aop-5.3.0-SNAPSHOT.jar
7f0fece38000-7f0fece4a000 r--s 000de000 103:02 5514195                   /home/sanjeev/.m2/repository/org/springframework/spring-webmvc/5.3.0-SNAPSHOT/spring-webmvc-5.3.0-SNAPSHOT.jar
7f0fece4a000-7f0fece56000 r--s 0009e000 103:02 5381063                   /home/sanjeev/.m2/repository/org/springframework/spring-beans/5.3.0-SNAPSHOT/spring-beans-5.3.0-SNAPSHOT.jar
7f0fece56000-7f0fece74000 r--s 0015a000 103:02 5514194                   /home/sanjeev/.m2/repository/org/springframework/spring-web/5.3.0-SNAPSHOT/spring-web-5.3.0-SNAPSHOT.jar
7f0fece74000-7f0fece79000 r--s 0003d000 103:02 5514211                   /home/sanjeev/.m2/repository/org/apache/tomcat/embed/tomcat-embed-websocket/9.0.38/tomcat-embed-websocket-9.0.38.jar
7f0fece79000-7f0fece7e000 r--s 00036000 103:02 7999355                   /home/sanjeev/.m2/repository/org/glassfish/jakarta.el/3.0.3/jakarta.el-3.0.3.jar
7f0fece7e000-7f0feceaa000 r--s 00313000 103:02 5514213                   /home/sanjeev/.m2/repository/org/apache/tomcat/embed/tomcat-embed-core/9.0.38/tomcat-embed-core-9.0.38.jar
7f0feceaa000-7f0feceac000 r--s 00001000 103:02 5247594                   /home/sanjeev/.m2/repository/com/fasterxml/jackson/module/jackson-module-parameter-names/2.11.2/jackson-module-parameter-names-2.11.2.jar
7f0feceac000-7f0feceb0000 r--s 00018000 103:02 5247593                   /home/sanjeev/.m2/repository/com/fasterxml/jackson/datatype/jackson-datatype-jsr310/2.11.2/jackson-datatype-jsr310-2.11.2.jar
7f0feceb0000-7f0feceb2000 r--s 00007000 103:02 5247590                   /home/sanjeev/.m2/repository/com/fasterxml/jackson/datatype/jackson-datatype-jdk8/2.11.2/jackson-datatype-jdk8-2.11.2.jar
7f0feceb2000-7f0feceb6000 r--s 00052000 103:02 5247589                   /home/sanjeev/.m2/repository/com/fasterxml/jackson/core/jackson-core/2.11.2/jackson-core-2.11.2.jar
7f0feceb6000-7f0fececb000 r--s 00146000 103:02 5247587                   /home/sanjeev/.m2/repository/com/fasterxml/jackson/core/jackson-databind/2.11.2/jackson-databind-2.11.2.jar
7f0fececb000-7f0fecee6000 r--s 001d6000 103:02 10757444                  /usr/lib/jvm/java-8-openjdk-amd64/jre/lib/ext/nashorn.jar
7f0fecee6000-7f0fecef7000 r-xp 00000000 103:02 10757031                  /usr/lib/jvm/java-8-openjdk-amd64/jre/lib/amd64/libnio.so
7f0fecef7000-7f0fed0f7000 ---p 00011000 103:02 10757031                  /usr/lib/jvm/java-8-openjdk-amd64/jre/lib/amd64/libnio.so
7f0fed0f7000-7f0fed0f8000 r--p 00011000 103:02 10757031                  /usr/lib/jvm/java-8-openjdk-amd64/jre/lib/amd64/libnio.so
7f0fed0f8000-7f0fed0f9000 rw-p 00012000 103:02 10757031                  /usr/lib/jvm/java-8-openjdk-amd64/jre/lib/amd64/libnio.so
7f0fed0f9000-7f0fed12a000 rw-p 00000000 00:00 0 
7f0fed12a000-7f0fed141000 r-xp 00000000 103:02 10757030                  /usr/lib/jvm/java-8-openjdk-amd64/jre/lib/amd64/libnet.so
7f0fed141000-7f0fed340000 ---p 00017000 103:02 10757030                  /usr/lib/jvm/java-8-openjdk-amd64/jre/lib/amd64/libnet.so
7f0fed340000-7f0fed341000 r--p 00016000 103:02 10757030                  /usr/lib/jvm/java-8-openjdk-amd64/jre/lib/amd64/libnet.so
7f0fed341000-7f0fed342000 rw-p 00017000 103:02 10757030                  /usr/lib/jvm/java-8-openjdk-amd64/jre/lib/amd64/libnet.so
7f0fed342000-7f0fed34b000 r-xp 00000000 103:02 10757028                  /usr/lib/jvm/java-8-openjdk-amd64/jre/lib/amd64/libmanagement.so
7f0fed34b000-7f0fed54a000 ---p 00009000 103:02 10757028                  /usr/lib/jvm/java-8-openjdk-amd64/jre/lib/amd64/libmanagement.so
7f0fed54a000-7f0fed54b000 r--p 00008000 103:02 10757028                  /usr/lib/jvm/java-8-openjdk-amd64/jre/lib/amd64/libmanagement.so
7f0fed54b000-7f0fed54c000 rw-p 00009000 103:02 10757028                  /usr/lib/jvm/java-8-openjdk-amd64/jre/lib/amd64/libmanagement.so
7f0fed54c000-7f0fed54f000 ---p 00000000 00:00 0 
7f0fed54f000-7f0fed64d000 rw-p 00000000 00:00 0 
7f0fed64d000-7f0fed64e000 ---p 00000000 00:00 0 
7f0fed64e000-7f0fed651000 ---p 00000000 00:00 0 
7f0fed651000-7f0fed74e000 rw-p 00000000 00:00 0 
7f0fed74e000-7f0fed74f000 ---p 00000000 00:00 0 
7f0fed74f000-7f0fed752000 ---p 00000000 00:00 0 
7f0fed752000-7f0fed84f000 rw-p 00000000 00:00 0 
7f0fed84f000-7f0fed850000 ---p 00000000 00:00 0 
7f0fed850000-7f0fed853000 ---p 00000000 00:00 0 
7f0fed853000-7f0fed950000 rw-p 00000000 00:00 0 
7f0fed950000-7f0fed953000 ---p 00000000 00:00 0 
7f0fed953000-7f0feda51000 rw-p 00000000 00:00 0 
7f0feda51000-7f0fee420000 r--p 00000000 103:02 10754663                  /usr/lib/locale/locale-archive
7f0fee420000-7f0fee423000 ---p 00000000 00:00 0 
7f0fee423000-7f0fee521000 rw-p 00000000 00:00 0 
7f0fee521000-7f0fee524000 ---p 00000000 00:00 0 
7f0fee524000-7f0fee622000 rw-p 00000000 00:00 0 
7f0fee622000-7f0fee623000 ---p 00000000 00:00 0 
7f0fee623000-7f0ff0000000 rw-p 00000000 00:00 0 
7f0ff0000000-7f0ff0021000 rw-p 00000000 00:00 0 
7f0ff0021000-7f0ff4000000 ---p 00000000 00:00 0 
7f0ff4000000-7f0ff4001000 r--s 00005000 103:02 5381067                   /home/sanjeev/.m2/repository/org/springframework/spring-jcl/5.3.0-SNAPSHOT/spring-jcl-5.3.0-SNAPSHOT.jar
7f0ff4001000-7f0ff4004000 r--s 0000e000 103:02 5247588                   /home/sanjeev/.m2/repository/com/fasterxml/jackson/core/jackson-annotations/2.11.2/jackson-annotations-2.11.2.jar
7f0ff4004000-7f0ff400b000 r--s 00045000 103:02 5381069                   /home/sanjeev/.m2/repository/org/yaml/snakeyaml/1.27/snakeyaml-1.27.jar
7f0ff400b000-7f0ff4011000 r--s 00042000 103:02 8260232                   /home/sanjeev/.m2/repository/org/apache/logging/log4j/log4j-api/2.13.3/log4j-api-2.13.3.jar
7f0ff4011000-7f0ff402c000 r--s 00394000 103:02 10757439                  /usr/lib/jvm/java-8-openjdk-amd64/jre/lib/ext/cldrdata.jar
7f0ff402c000-7f0ff8000000 rw-p 00000000 00:00 0 
7f0ff8000000-7f0ff8021000 rw-p 00000000 00:00 0 
7f0ff8021000-7f0ffc000000 ---p 00000000 00:00 0 
7f0ffc000000-7f0ffc001000 r--s 00001000 103:02 5514193                   /home/sanjeev/.m2/repository/org/springframework/boot/spring-boot-starter-tomcat/2.4.0-SNAPSHOT/spring-boot-starter-tomcat-2.4.0-SNAPSHOT.jar
7f0ffc001000-7f0ffc003000 r--s 00005000 103:02 5243609                   /home/sanjeev/.m2/repository/jakarta/annotation/jakarta.annotation-api/1.3.5/jakarta.annotation-api-1.3.5.jar
7f0ffc003000-7f0ffc005000 r--s 00000000 103:02 5243607                   /home/sanjeev/.m2/repository/org/slf4j/jul-to-slf4j/1.7.30/jul-to-slf4j-1.7.30.jar
7f0ffc005000-7f0ffc010000 r--s 00069000 103:02 5243601                   /home/sanjeev/.m2/repository/ch/qos/logback/logback-core/1.2.3/logback-core-1.2.3.jar
7f0ffc010000-7f0ffc1e0000 r--s 03c68000 103:02 10757468                  /usr/lib/jvm/java-8-openjdk-amd64/jre/lib/rt.jar
7f0ffc1e0000-7f0ffc1e1000 ---p 00000000 00:00 0 
7f0ffc1e1000-7f0ffc2e1000 rw-p 00000000 00:00 0 
7f0ffc2e1000-7f0ffc2e2000 ---p 00000000 00:00 0 
7f0ffc2e2000-7f0ffc3e2000 rw-p 00000000 00:00 0 
7f0ffc3e2000-7f0ffc3e3000 ---p 00000000 00:00 0 
7f0ffc3e3000-7f0ffc4e3000 rw-p 00000000 00:00 0 
7f0ffc4e3000-7f0ffc4e4000 ---p 00000000 00:00 0 
7f0ffc4e4000-7f0ffc5fe000 rw-p 00000000 00:00 0 
7f0ffc5fe000-7f0ffc86f000 ---p 00000000 00:00 0 
7f0ffc86f000-7f0ffc889000 rw-p 00000000 00:00 0 
7f0ffc889000-7f0ffcaf9000 ---p 00000000 00:00 0 
7f0ffcaf9000-7f0ffcb36000 rw-p 00000000 00:00 0 
7f0ffcb36000-7f0ffcc3f000 ---p 00000000 00:00 0 
7f0ffcc3f000-7f0ffcc5f000 rw-p 00000000 00:00 0 
7f0ffcc5f000-7f0ffd000000 ---p 00000000 00:00 0 
7f0ffd000000-7f0ffd7c0000 rwxp 00000000 00:00 0 
7f0ffd7c0000-7f100c000000 ---p 00000000 00:00 0 
7f100c000000-7f100c5d0000 rw-p 00000000 00:00 0 
7f100c5d0000-7f1010000000 ---p 00000000 00:00 0 
7f1010000000-7f1010001000 r--s 00001000 103:02 5514192                   /home/sanjeev/.m2/repository/org/springframework/boot/spring-boot-starter-json/2.4.0-SNAPSHOT/spring-boot-starter-json-2.4.0-SNAPSHOT.jar
7f1010001000-7f1010003000 r--s 00003000 103:02 8260220                   /home/sanjeev/.m2/repository/org/apache/logging/log4j/log4j-to-slf4j/2.13.3/log4j-to-slf4j-2.13.3.jar
7f1010003000-7f1010079000 rw-p 00000000 00:00 0 
7f1010079000-7f1010081000 r-xp 00000000 103:02 10757053                  /usr/lib/jvm/java-8-openjdk-amd64/jre/lib/amd64/libzip.so
7f1010081000-7f1010280000 ---p 00008000 103:02 10757053                  /usr/lib/jvm/java-8-openjdk-amd64/jre/lib/amd64/libzip.so
7f1010280000-7f1010281000 r--p 00007000 103:02 10757053                  /usr/lib/jvm/java-8-openjdk-amd64/jre/lib/amd64/libzip.so
7f1010281000-7f1010282000 rw-p 00008000 103:02 10757053                  /usr/lib/jvm/java-8-openjdk-amd64/jre/lib/amd64/libzip.so
7f1010282000-7f101028d000 r-xp 00000000 103:02 4199457                   /lib/x86_64-linux-gnu/libnss_files-2.27.so
7f101028d000-7f101048c000 ---p 0000b000 103:02 4199457                   /lib/x86_64-linux-gnu/libnss_files-2.27.so
7f101048c000-7f101048d000 r--p 0000a000 103:02 4199457                   /lib/x86_64-linux-gnu/libnss_files-2.27.so
7f101048d000-7f101048e000 rw-p 0000b000 103:02 4199457                   /lib/x86_64-linux-gnu/libnss_files-2.27.so
7f101048e000-7f1010494000 rw-p 00000000 00:00 0 
7f1010494000-7f10104ab000 r-xp 00000000 103:02 4199451                   /lib/x86_64-linux-gnu/libnsl-2.27.so
7f10104ab000-7f10106aa000 ---p 00017000 103:02 4199451                   /lib/x86_64-linux-gnu/libnsl-2.27.so
7f10106aa000-7f10106ab000 r--p 00016000 103:02 4199451                   /lib/x86_64-linux-gnu/libnsl-2.27.so
7f10106ab000-7f10106ac000 rw-p 00017000 103:02 4199451                   /lib/x86_64-linux-gnu/libnsl-2.27.so
7f10106ac000-7f10106ae000 rw-p 00000000 00:00 0 
7f10106ae000-7f10106b9000 r-xp 00000000 103:02 4199468                   /lib/x86_64-linux-gnu/libnss_nis-2.27.so
7f10106b9000-7f10108b8000 ---p 0000b000 103:02 4199468                   /lib/x86_64-linux-gnu/libnss_nis-2.27.so
7f10108b8000-7f10108b9000 r--p 0000a000 103:02 4199468                   /lib/x86_64-linux-gnu/libnss_nis-2.27.so
7f10108b9000-7f10108ba000 rw-p 0000b000 103:02 4199468                   /lib/x86_64-linux-gnu/libnss_nis-2.27.so
7f10108ba000-7f10108c2000 r-xp 00000000 103:02 4199453                   /lib/x86_64-linux-gnu/libnss_compat-2.27.so
7f10108c2000-7f1010ac2000 ---p 00008000 103:02 4199453                   /lib/x86_64-linux-gnu/libnss_compat-2.27.so
7f1010ac2000-7f1010ac3000 r--p 00008000 103:02 4199453                   /lib/x86_64-linux-gnu/libnss_compat-2.27.so
7f1010ac3000-7f1010ac4000 rw-p 00009000 103:02 4199453                   /lib/x86_64-linux-gnu/libnss_compat-2.27.so
7f1010ac4000-7f1010aee000 r-xp 00000000 103:02 10756996                  /usr/lib/jvm/java-8-openjdk-amd64/jre/lib/amd64/libjava.so
7f1010aee000-7f1010ced000 ---p 0002a000 103:02 10756996                  /usr/lib/jvm/java-8-openjdk-amd64/jre/lib/amd64/libjava.so
7f1010ced000-7f1010cee000 r--p 00029000 103:02 10756996                  /usr/lib/jvm/java-8-openjdk-amd64/jre/lib/amd64/libjava.so
7f1010cee000-7f1010cf0000 rw-p 0002a000 103:02 10756996                  /usr/lib/jvm/java-8-openjdk-amd64/jre/lib/amd64/libjava.so
7f1010cf0000-7f1010d00000 r-xp 00000000 103:02 10757052                  /usr/lib/jvm/java-8-openjdk-amd64/jre/lib/amd64/libverify.so
7f1010d00000-7f1010eff000 ---p 00010000 103:02 10757052                  /usr/lib/jvm/java-8-openjdk-amd64/jre/lib/amd64/libverify.so
7f1010eff000-7f1010f01000 r--p 0000f000 103:02 10757052                  /usr/lib/jvm/java-8-openjdk-amd64/jre/lib/amd64/libverify.so
7f1010f01000-7f1010f02000 rw-p 00011000 103:02 10757052                  /usr/lib/jvm/java-8-openjdk-amd64/jre/lib/amd64/libverify.so
7f1010f02000-7f1010f09000 r-xp 00000000 103:02 4199508                   /lib/x86_64-linux-gnu/librt-2.27.so
7f1010f09000-7f1011108000 ---p 00007000 103:02 4199508                   /lib/x86_64-linux-gnu/librt-2.27.so
7f1011108000-7f1011109000 r--p 00006000 103:02 4199508                   /lib/x86_64-linux-gnu/librt-2.27.so
7f1011109000-7f101110a000 rw-p 00007000 103:02 4199508                   /lib/x86_64-linux-gnu/librt-2.27.so
7f101110a000-7f1011121000 r-xp 00000000 103:02 4199261                   /lib/x86_64-linux-gnu/libgcc_s.so.1
7f1011121000-7f1011320000 ---p 00017000 103:02 4199261                   /lib/x86_64-linux-gnu/libgcc_s.so.1
7f1011320000-7f1011321000 r--p 00016000 103:02 4199261                   /lib/x86_64-linux-gnu/libgcc_s.so.1
7f1011321000-7f1011322000 rw-p 00017000 103:02 4199261                   /lib/x86_64-linux-gnu/libgcc_s.so.1
7f1011322000-7f10114bf000 r-xp 00000000 103:02 4199430                   /lib/x86_64-linux-gnu/libm-2.27.so
7f10114bf000-7f10116be000 ---p 0019d000 103:02 4199430                   /lib/x86_64-linux-gnu/libm-2.27.so
7f10116be000-7f10116bf000 r--p 0019c000 103:02 4199430                   /lib/x86_64-linux-gnu/libm-2.27.so
7f10116bf000-7f10116c0000 rw-p 0019d000 103:02 4199430                   /lib/x86_64-linux-gnu/libm-2.27.so
7f10116c0000-7f1011839000 r-xp 00000000 103:02 10759412                  /usr/lib/x86_64-linux-gnu/libstdc++.so.6.0.25
7f1011839000-7f1011a39000 ---p 00179000 103:02 10759412                  /usr/lib/x86_64-linux-gnu/libstdc++.so.6.0.25
7f1011a39000-7f1011a43000 r--p 00179000 103:02 10759412                  /usr/lib/x86_64-linux-gnu/libstdc++.so.6.0.25
7f1011a43000-7f1011a45000 rw-p 00183000 103:02 10759412                  /usr/lib/x86_64-linux-gnu/libstdc++.so.6.0.25
7f1011a45000-7f1011a49000 rw-p 00000000 00:00 0 
7f1011a49000-7f10126ec000 r-xp 00000000 103:02 10757111                  /usr/lib/jvm/java-8-openjdk-amd64/jre/lib/amd64/server/libjvm.so
7f10126ec000-7f10128ec000 ---p 00ca3000 103:02 10757111                  /usr/lib/jvm/java-8-openjdk-amd64/jre/lib/amd64/server/libjvm.so
7f10128ec000-7f1012980000 r--p 00ca3000 103:02 10757111                  /usr/lib/jvm/java-8-openjdk-amd64/jre/lib/amd64/server/libjvm.so
7f1012980000-7f10129a9000 rw-p 00d37000 103:02 10757111                  /usr/lib/jvm/java-8-openjdk-amd64/jre/lib/amd64/server/libjvm.so
7f10129a9000-7f10129d9000 rw-p 00000000 00:00 0 
7f10129d9000-7f10129f3000 r-xp 00000000 103:02 4199500                   /lib/x86_64-linux-gnu/libpthread-2.27.so
7f10129f3000-7f1012bf2000 ---p 0001a000 103:02 4199500                   /lib/x86_64-linux-gnu/libpthread-2.27.so
7f1012bf2000-7f1012bf3000 r--p 00019000 103:02 4199500                   /lib/x86_64-linux-gnu/libpthread-2.27.so
7f1012bf3000-7f1012bf4000 rw-p 0001a000 103:02 4199500                   /lib/x86_64-linux-gnu/libpthread-2.27.so
7f1012bf4000-7f1012bf8000 rw-p 00000000 00:00 0 
7f1012bf8000-7f1012bfb000 r-xp 00000000 103:02 4199390                   /lib/x86_64-linux-gnu/libdl-2.27.so
7f1012bfb000-7f1012dfa000 ---p 00003000 103:02 4199390                   /lib/x86_64-linux-gnu/libdl-2.27.so
7f1012dfa000-7f1012dfb000 r--p 00002000 103:02 4199390                   /lib/x86_64-linux-gnu/libdl-2.27.so
7f1012dfb000-7f1012dfc000 rw-p 00003000 103:02 4199390                   /lib/x86_64-linux-gnu/libdl-2.27.so
7f1012dfc000-7f1012e18000 r-xp 00000000 103:02 4199539                   /lib/x86_64-linux-gnu/libz.so.1.2.11
7f1012e18000-7f1013017000 ---p 0001c000 103:02 4199539                   /lib/x86_64-linux-gnu/libz.so.1.2.11
7f1013017000-7f1013018000 r--p 0001b000 103:02 4199539                   /lib/x86_64-linux-gnu/libz.so.1.2.11
7f1013018000-7f1013019000 rw-p 0001c000 103:02 4199539                   /lib/x86_64-linux-gnu/libz.so.1.2.11
7f1013019000-7f1013200000 r-xp 00000000 103:02 4199367                   /lib/x86_64-linux-gnu/libc-2.27.so
7f1013200000-7f1013400000 ---p 001e7000 103:02 4199367                   /lib/x86_64-linux-gnu/libc-2.27.so
7f1013400000-7f1013404000 r--p 001e7000 103:02 4199367                   /lib/x86_64-linux-gnu/libc-2.27.so
7f1013404000-7f1013406000 rw-p 001eb000 103:02 4199367                   /lib/x86_64-linux-gnu/libc-2.27.so
7f1013406000-7f101340a000 rw-p 00000000 00:00 0 
7f101340a000-7f1013418000 r-xp 00000000 103:02 10756767                  /usr/lib/jvm/java-8-openjdk-amd64/jre/lib/amd64/jli/libjli.so
7f1013418000-7f1013617000 ---p 0000e000 103:02 10756767                  /usr/lib/jvm/java-8-openjdk-amd64/jre/lib/amd64/jli/libjli.so
7f1013617000-7f1013618000 r--p 0000d000 103:02 10756767                  /usr/lib/jvm/java-8-openjdk-amd64/jre/lib/amd64/jli/libjli.so
7f1013618000-7f1013619000 rw-p 0000e000 103:02 10756767                  /usr/lib/jvm/java-8-openjdk-amd64/jre/lib/amd64/jli/libjli.so
7f1013619000-7f1013640000 r-xp 00000000 103:02 4199339                   /lib/x86_64-linux-gnu/ld-2.27.so
7f1013640000-7f1013646000 r--s 00041000 103:02 5243599                   /home/sanjeev/.m2/repository/ch/qos/logback/logback-classic/1.2.3/logback-classic-1.2.3.jar
7f1013646000-7f1013647000 r--s 00001000 103:02 5381061                   /home/sanjeev/.m2/repository/org/springframework/boot/spring-boot-starter-logging/2.4.0-SNAPSHOT/spring-boot-starter-logging-2.4.0-SNAPSHOT.jar
7f1013647000-7f1013648000 r--s 00001000 103:02 5381058                   /home/sanjeev/.m2/repository/org/springframework/boot/spring-boot-starter/2.4.0-SNAPSHOT/spring-boot-starter-2.4.0-SNAPSHOT.jar
7f1013648000-7f1013649000 r--s 00001000 103:02 5514191                   /home/sanjeev/.m2/repository/org/springframework/boot/spring-boot-starter-web/2.4.0-SNAPSHOT/spring-boot-starter-web-2.4.0-SNAPSHOT.jar
7f1013649000-7f101364c000 r--s 0000f000 103:02 10757441                  /usr/lib/jvm/java-8-openjdk-amd64/jre/lib/ext/icedtea-sound.jar
7f101364c000-7f101364d000 r--s 0000d000 103:02 10757445                  /usr/lib/jvm/java-8-openjdk-amd64/jre/lib/ext/sunec.jar
7f101364d000-7f101364e000 r--s 00010000 103:02 10757448                  /usr/lib/jvm/java-8-openjdk-amd64/jre/lib/ext/zipfs.jar
7f101364e000-7f1013652000 r--s 0003a000 103:02 10757447                  /usr/lib/jvm/java-8-openjdk-amd64/jre/lib/ext/sunpkcs11.jar
7f1013652000-7f1013654000 r--s 00001000 103:02 10757440                  /usr/lib/jvm/java-8-openjdk-amd64/jre/lib/ext/dnsns.jar
7f1013654000-7f1013655000 r--s 0000a000 103:02 10757442                  /usr/lib/jvm/java-8-openjdk-amd64/jre/lib/ext/jaccess.jar
7f1013655000-7f1013720000 rw-p 00000000 00:00 0 
7f1013720000-7f1013721000 ---p 00000000 00:00 0 
7f1013721000-7f1013724000 ---p 00000000 00:00 0 
7f1013724000-7f1013823000 rw-p 00000000 00:00 0 
7f1013823000-7f1013828000 r--s 0003d000 103:02 10757446                  /usr/lib/jvm/java-8-openjdk-amd64/jre/lib/ext/sunjce_provider.jar
7f1013828000-7f1013832000 r--s 00116000 103:02 10757443                  /usr/lib/jvm/java-8-openjdk-amd64/jre/lib/ext/localedata.jar
7f1013832000-7f1013834000 r--s 00007000 103:02 11146963                  /usr/share/java/java-atk-wrapper.jar
7f1013834000-7f101383c000 rw-s 00000000 103:02 3014911                   /tmp/hsperfdata_sanjeev/3309
7f101383c000-7f101383d000 rw-p 00000000 00:00 0 
7f101383d000-7f101383e000 r--p 00000000 00:00 0 
7f101383e000-7f1013840000 rw-p 00000000 00:00 0 
7f1013840000-7f1013841000 r--p 00027000 103:02 4199339                   /lib/x86_64-linux-gnu/ld-2.27.so
7f1013841000-7f1013842000 rw-p 00028000 103:02 4199339                   /lib/x86_64-linux-gnu/ld-2.27.so
7f1013842000-7f1013843000 rw-p 00000000 00:00 0 
7fff5fc30000-7fff5fc52000 rw-p 00000000 00:00 0                          [stack]
7fff5fd03000-7fff5fd06000 r--p 00000000 00:00 0                          [vvar]
7fff5fd06000-7fff5fd07000 r-xp 00000000 00:00 0                          [vdso]
ffffffffff600000-ffffffffff601000 --xp 00000000 00:00 0                  [vsyscall]

VM Arguments:
jvm_args: -Dcom.sun.management.jmxremote -Dcom.sun.management.jmxremote.port=40903 -Dcom.sun.management.jmxremote.authenticate=false -Dcom.sun.management.jmxremote.ssl=false -Djava.rmi.server.hostname=localhost -Dspring.jmx.enabled=true -Dspring.application.admin.enabled=true -Djava.security.egd=file:/dev/./urandom -Xverify:none -XX:TieredStopAtLevel=1 -Dspring.boot.project.name=EmploymentManagement -Dfile.encoding=UTF-8 
java_command: com.example.test.employmentmanagement.EmploymentManagementApplication --spring.output.ansi.enabled=always
java_class_path (initial): /home/sanjeev/Documents/workspace-spring-tool-suite-4-4.6.0.RELEASE/EmploymentManagement/target/classes:/home/sanjeev/.m2/repository/org/springframework/boot/spring-boot-starter-web/2.4.0-SNAPSHOT/spring-boot-starter-web-2.4.0-SNAPSHOT.jar:/home/sanjeev/.m2/repository/org/springframework/boot/spring-boot-starter/2.4.0-SNAPSHOT/spring-boot-starter-2.4.0-SNAPSHOT.jar:/home/sanjeev/.m2/repository/org/springframework/boot/spring-boot-starter-logging/2.4.0-SNAPSHOT/spring-boot-starter-logging-2.4.0-SNAPSHOT.jar:/home/sanjeev/.m2/repository/ch/qos/logback/logback-classic/1.2.3/logback-classic-1.2.3.jar:/home/sanjeev/.m2/repository/ch/qos/logback/logback-core/1.2.3/logback-core-1.2.3.jar:/home/sanjeev/.m2/repository/org/apache/logging/log4j/log4j-to-slf4j/2.13.3/log4j-to-slf4j-2.13.3.jar:/home/sanjeev/.m2/repository/org/apache/logging/log4j/log4j-api/2.13.3/log4j-api-2.13.3.jar:/home/sanjeev/.m2/repository/org/slf4j/jul-to-slf4j/1.7.30/jul-to-slf4j-1.7.30.jar:/home/sanjeev/.m2/repository/jakarta/annotation/jakarta.annotation-api/1.3.5/jakarta.annotation-api-1.3.5.jar:/home/sanjeev/.m2/repository/org/yaml/snakeyaml/1.27/snakeyaml-1.27.jar:/home/sanjeev/.m2/repository/org/springframework/boot/spring-boot-starter-json/2.4.0-SNAPSHOT/spring-boot-starter-json-2.4.0-SNAPSHOT.jar:/home/sanjeev/.m2/repository/com/fasterxml/jackson/core/jackson-databind/2.11.2/jackson-databind-2.11.2.jar:/home/sanjeev/.m2/repository/com/fasterxml/jackson/core/jackson-annotations/2.11.2/jackson-annotations-2.11.2.jar:/home/sanjeev/.m2/repository/com/fasterxml/jackson/core/jackson-core/2.11.2/jackson-core-2.11.2.jar:/home/sanjeev/.m2/repository/com/fasterxml/jackson/datatype/jackson-datatype-jdk8/2.11.2/jackson-datatype-jdk8-2.11.2.jar:/home/sanjeev/.m2/repository/com/fasterxml/jackson/datatype/jackson-datatype-jsr310/2.11.2/jackson-datatype-jsr310-2.11.2.jar:/home/sanjeev/.m2/repository/com/fasterxml/jackson/module/jackson-module-parameter-names/2.11.2/jackson-module-par
Launcher Type: SUN_STANDARD

Environment Variables:
PATH=/usr/local/sbin:/usr/local/bin:/usr/sbin:/usr/bin:/sbin:/bin:/usr/games:/usr/local/games:/snap/bin
USERNAME=sanjeev
SHELL=/bin/bash
DISPLAY=:0

Signal Handlers:
SIGSEGV: [libjvm.so+0xabc3b0], sa_mask[0]=11111111011111111101111111111110, sa_flags=SA_RESTART|SA_SIGINFO
SIGBUS: [libjvm.so+0xabc3b0], sa_mask[0]=11111111011111111101111111111110, sa_flags=SA_RESTART|SA_SIGINFO
SIGFPE: [libjvm.so+0x8f0bb0], sa_mask[0]=11111111011111111101111111111110, sa_flags=SA_RESTART|SA_SIGINFO
SIGPIPE: [libjvm.so+0x8f0bb0], sa_mask[0]=11111111011111111101111111111110, sa_flags=SA_RESTART|SA_SIGINFO
SIGXFSZ: [libjvm.so+0x8f0bb0], sa_mask[0]=11111111011111111101111111111110, sa_flags=SA_RESTART|SA_SIGINFO
SIGILL: [libjvm.so+0x8f0bb0], sa_mask[0]=11111111011111111101111111111110, sa_flags=SA_RESTART|SA_SIGINFO
SIGUSR1: SIG_DFL, sa_mask[0]=00000000000000000000000000000000, sa_flags=none
SIGUSR2: [libjvm.so+0x8f0a60], sa_mask[0]=00100000000000000000000000000000, sa_flags=SA_RESTART|SA_SIGINFO
SIGHUP: [libjvm.so+0x8f10d0], sa_mask[0]=11111111011111111101111111111110, sa_flags=SA_RESTART|SA_SIGINFO
SIGINT: [libjvm.so+0x8f10d0], sa_mask[0]=11111111011111111101111111111110, sa_flags=SA_RESTART|SA_SIGINFO
SIGTERM: [libjvm.so+0x8f10d0], sa_mask[0]=11111111011111111101111111111110, sa_flags=SA_RESTART|SA_SIGINFO
SIGQUIT: [libjvm.so+0x8f10d0], sa_mask[0]=11111111011111111101111111111110, sa_flags=SA_RESTART|SA_SIGINFO


---------------  S Y S T E M  ---------------

OS:DISTRIB_ID=Ubuntu
DISTRIB_RELEASE=18.04
DISTRIB_CODENAME=bionic
DISTRIB_DESCRIPTION="Ubuntu 18.04.3 LTS"

uname:Linux 5.3.0-40-generic #32~18.04.1-Ubuntu SMP Mon Feb 3 14:05:59 UTC 2020 x86_64
libc:glibc 2.27 NPTL 2.27 
rlimit: STACK 8192k, CORE 0k, NPROC 31039, NOFILE 4096, AS infinity
load average:1.20 0.90 0.56

/proc/meminfo:
MemTotal:        7992820 kB
MemFree:         1828192 kB
MemAvailable:    3220512 kB
Buffers:          167780 kB
Cached:          1788128 kB
SwapCached:            0 kB
Active:          4506884 kB
Inactive:        1038320 kB
Active(anon):    3747424 kB
Inactive(anon):   224012 kB
Active(file):     759460 kB
Inactive(file):   814308 kB
Unevictable:      162872 kB
Mlocked:              80 kB
SwapTotal:       2097148 kB
SwapFree:        2097148 kB
Dirty:             11172 kB
Writeback:             0 kB
AnonPages:       3752256 kB
Mapped:           676160 kB
Shmem:            388340 kB
KReclaimable:      85704 kB
Slab:             156780 kB
SReclaimable:      85704 kB
SUnreclaim:        71076 kB
KernelStack:       18052 kB
PageTables:        72980 kB
NFS_Unstable:          0 kB
Bounce:                0 kB
WritebackTmp:          0 kB
CommitLimit:     6093556 kB
Committed_AS:   12100284 kB
VmallocTotal:   34359738367 kB
VmallocUsed:       38464 kB
VmallocChunk:          0 kB
Percpu:             1488 kB
HardwareCorrupted:     0 kB
AnonHugePages:         0 kB
ShmemHugePages:        0 kB
ShmemPmdMapped:        0 kB
CmaTotal:              0 kB
CmaFree:               0 kB
HugePages_Total:       0
HugePages_Free:        0
HugePages_Rsvd:        0
HugePages_Surp:        0
Hugepagesize:       2048 kB
Hugetlb:               0 kB
DirectMap4k:      225200 kB
DirectMap2M:     8003584 kB
DirectMap1G:           0 kB

container (cgroup) information:
container_type: cgroupv1
cpu_cpuset_cpus: 0-3
cpu_memory_nodes: 0
active_processor_count: 4
cpu_quota: -1
cpu_period: 100000
cpu_shares: -1
memory_limit_in_bytes: -1
memory_and_swap_limit_in_bytes: -2
memory_soft_limit_in_bytes: -1
memory_usage_in_bytes: 5845307392
memory_max_usage_in_bytes: 0


CPU:total 4 (initial active 4) (2 cores per cpu, 2 threads per core) family 6 model 142 stepping 12, cmov, cx8, fxsr, mmx, sse, sse2, sse3, ssse3, sse4.1, sse4.2, popcnt, avx, avx2, aes, clmul, erms, 3dnowpref, lzcnt, ht, tsc, tscinvbit, bmi1, bmi2, adx

/proc/cpuinfo:
processor	: 0
vendor_id	: GenuineIntel
cpu family	: 6
model		: 142
model name	: Intel(R) Core(TM) i3-8145U CPU @ 2.10GHz
stepping	: 12
microcode	: 0xb8
cpu MHz		: 3502.318
cache size	: 4096 KB
physical id	: 0
siblings	: 4
core id		: 0
cpu cores	: 2
apicid		: 0
initial apicid	: 0
fpu		: yes
fpu_exception	: yes
cpuid level	: 22
wp		: yes
flags		: fpu vme de pse tsc msr pae mce cx8 apic sep mtrr pge mca cmov pat pse36 clflush dts acpi mmx fxsr sse sse2 ss ht tm pbe syscall nx pdpe1gb rdtscp lm constant_tsc art arch_perfmon pebs bts rep_good nopl xtopology nonstop_tsc cpuid aperfmperf pni pclmulqdq dtes64 monitor ds_cpl vmx est tm2 ssse3 sdbg fma cx16 xtpr pdcm pcid sse4_1 sse4_2 x2apic movbe popcnt tsc_deadline_timer aes xsave avx f16c rdrand lahf_lm abm 3dnowprefetch cpuid_fault epb invpcid_single ssbd ibrs ibpb stibp ibrs_enhanced tpr_shadow vnmi flexpriority ept vpid ept_ad fsgsbase tsc_adjust bmi1 avx2 smep bmi2 erms invpcid mpx rdseed adx smap clflushopt intel_pt xsaveopt xsavec xgetbv1 xsaves dtherm ida arat pln pts hwp hwp_notify hwp_act_window hwp_epp md_clear flush_l1d arch_capabilities
bugs		: spectre_v1 spectre_v2 spec_store_bypass swapgs itlb_multihit
bogomips	: 4599.93
clflush size	: 64
cache_alignment	: 64
address sizes	: 39 bits physical, 48 bits virtual
power management:

processor	: 1
vendor_id	: GenuineIntel
cpu family	: 6
model		: 142
model name	: Intel(R) Core(TM) i3-8145U CPU @ 2.10GHz
stepping	: 12
microcode	: 0xb8
cpu MHz		: 3498.206
cache size	: 4096 KB
physical id	: 0
siblings	: 4
core id		: 1
cpu cores	: 2
apicid		: 2
initial apicid	: 2
fpu		: yes
fpu_exception	: yes
cpuid level	: 22
wp		: yes
flags		: fpu vme de pse tsc msr pae mce cx8 apic sep mtrr pge mca cmov pat pse36 clflush dts acpi mmx fxsr sse sse2 ss ht tm pbe syscall nx pdpe1gb rdtscp lm constant_tsc art arch_perfmon pebs bts rep_good nopl xtopology nonstop_tsc cpuid aperfmperf pni pclmulqdq dtes64 monitor ds_cpl vmx est tm2 ssse3 sdbg fma cx16 xtpr pdcm pcid sse4_1 sse4_2 x2apic movbe popcnt tsc_deadline_timer aes xsave avx f16c rdrand lahf_lm abm 3dnowprefetch cpuid_fault epb invpcid_single ssbd ibrs ibpb stibp ibrs_enhanced tpr_shadow vnmi flexpriority ept vpid ept_ad fsgsbase tsc_adjust bmi1 avx2 smep bmi2 erms invpcid mpx rdseed adx smap clflushopt intel_pt xsaveopt xsavec xgetbv1 xsaves dtherm ida arat pln pts hwp hwp_notify hwp_act_window hwp_epp md_clear flush_l1d arch_capabilities
bugs		: spectre_v1 spectre_v2 spec_store_bypass swapgs itlb_multihit
bogomips	: 4599.93
clflush size	: 64
cache_alignment	: 64
address sizes	: 39 bits physical, 48 bits virtual
power management:

processor	: 2
vendor_id	: GenuineIntel
cpu family	: 6
model		: 142
model name	: Intel(R) Core(TM) i3-8145U CPU @ 2.10GHz
stepping	: 12
microcode	: 0xb8
cpu MHz		: 3522.126
cache size	: 4096 KB
physical id	: 0
siblings	: 4
core id		: 0
cpu cores	: 2
apicid		: 1
initial apicid	: 1
fpu		: yes
fpu_exception	: yes
cpuid level	: 22
wp		: yes
flags		: fpu vme de pse tsc msr pae mce cx8 apic sep mtrr pge mca cmov pat pse36 clflush dts acpi mmx fxsr sse sse2 ss ht tm pbe syscall nx pdpe1gb rdtscp lm constant_tsc art arch_perfmon pebs bts rep_good nopl xtopology nonstop_tsc cpuid aperfmperf pni pclmulqdq dtes64 monitor ds_cpl vmx est tm2 ssse3 sdbg fma cx16 xtpr pdcm pcid sse4_1 sse4_2 x2apic movbe popcnt tsc_deadline_timer aes xsave avx f16c rdrand lahf_lm abm 3dnowprefetch cpuid_fault epb invpcid_single ssbd ibrs ibpb stibp ibrs_enhanced tpr_shadow vnmi flexpriority ept vpid ept_ad fsgsbase tsc_adjust bmi1 avx2 smep bmi2 erms invpcid mpx rdseed adx smap clflushopt intel_pt xsaveopt xsavec xgetbv1 xsaves dtherm ida arat pln pts hwp hwp_notify hwp_act_window hwp_epp md_clear flush_l1d arch_capabilities
bugs		: spectre_v1 spectre_v2 spec_store_bypass swapgs itlb_multihit
bogomips	: 4599.93
clflush size	: 64
cache_alignment	: 64
address sizes	: 39 bits physical, 48 bits virtual
power management:

processor	: 3
vendor_id	: GenuineIntel
cpu family	: 6
model		: 142
model name	: Intel(R) Core(TM) i3-8145U CPU @ 2.10GHz
stepping	: 12
microcode	: 0xb8
cpu MHz		: 3521.390
cache size	: 4096 KB
physical id	: 0
siblings	: 4
core id		: 1
cpu cores	: 2
apicid		: 3
initial apicid	: 3
fpu		: yes
fpu_exception	: yes
cpuid level	: 22
wp		: yes
flags		: fpu vme de pse tsc msr pae mce cx8 apic sep mtrr pge mca cmov pat pse36 clflush dts acpi mmx fxsr sse sse2 ss ht tm pbe syscall nx pdpe1gb rdtscp lm constant_tsc art arch_perfmon pebs bts rep_good nopl xtopology nonstop_tsc cpuid aperfmperf pni pclmulqdq dtes64 monitor ds_cpl vmx est tm2 ssse3 sdbg fma cx16 xtpr pdcm pcid sse4_1 sse4_2 x2apic movbe popcnt tsc_deadline_timer aes xsave avx f16c rdrand lahf_lm abm 3dnowprefetch cpuid_fault epb invpcid_single ssbd ibrs ibpb stibp ibrs_enhanced tpr_shadow vnmi flexpriority ept vpid ept_ad fsgsbase tsc_adjust bmi1 avx2 smep bmi2 erms invpcid mpx rdseed adx smap clflushopt intel_pt xsaveopt xsavec xgetbv1 xsaves dtherm ida arat pln pts hwp hwp_notify hwp_act_window hwp_epp md_clear flush_l1d arch_capabilities
bugs		: spectre_v1 spectre_v2 spec_store_bypass swapgs itlb_multihit
bogomips	: 4599.93
clflush size	: 64
cache_alignment	: 64
address sizes	: 39 bits physical, 48 bits virtual
power management:



Memory: 4k page, physical 7992820k(1827940k free), swap 2097148k(2097148k free)

vm_info: OpenJDK 64-Bit Server VM (25.242-b08) for linux-amd64 JRE (1.8.0_242-8u242-b08-0ubuntu3~18.04-b08), built on Jan 17 2020 23:41:21 by "buildd" with gcc 7.4.0

time: Sat Oct 10 18:42:13 2020
timezone: IST
elapsed time: 560 seconds (0d 0h 9m 20s)

